Start testing: Mar 02 22:21 CET
----------------------------------------------------------
1/1 Testing: TestQueueManager
1/1 Test: TestQueueManager
Command: "/home/openclaw/.openclaw/workspace/dit-tools/build/test_queuemanager"
Directory: /home/openclaw/.openclaw/workspace/dit-tools/build
"TestQueueManager" start time: Mar 02 22:21 CET
Output:
----------------------------------------------------------
********* Start testing of TestQueueManager *********
Config: Using QtTest library 6.8.2, Qt 6.8.2 (arm64-little_endian-lp64 shared (dynamic) release build; by GCC 14.2.0), debian 13
PASS   : TestQueueManager::initTestCase()
PASS   : TestQueueManager::testReorderWaiting()
PASS   : TestQueueManager::testParallel10()
PASS   : TestQueueManager::cleanupTestCase()
Totals: 4 passed, 0 failed, 0 skipped, 0 blacklisted, 2ms
********* Finished testing of TestQueueManager *********
<end of output>
Test time =   0.02 sec
----------------------------------------------------------
Test Passed.
"TestQueueManager" end time: Mar 02 22:21 CET
"TestQueueManager" time elapsed: 00:00:00
----------------------------------------------------------

End testing: Mar 02 22:21 CET
